nohup: ignoring input
time="2025-08-23T18:03:14Z" level=warning msg="/workspaces/HealthCare/docker-compose.yml: the attribute `version` is obsolete, it will be ignored, please remove it to avoid potential confusion"
 postgres Pulling 
 9824c27679d3 Pulling fs layer 
 61a7421693bd Pulling fs layer 
 51a939567803 Pulling fs layer 
 a612d38c9b48 Pulling fs layer 
 901a9540064a Pulling fs layer 
 6c13c55b4b82 Pulling fs layer 
 0f940631c13f Pulling fs layer 
 a15854d6fd91 Pulling fs layer 
 685be96195b7 Pulling fs layer 
 ce414b3fa674 Pulling fs layer 
 6afcd9ec0fd9 Pulling fs layer 
 a612d38c9b48 Waiting 
 901a9540064a Waiting 
 6c13c55b4b82 Waiting 
 0f940631c13f Waiting 
 a15854d6fd91 Waiting 
 685be96195b7 Waiting 
 ce414b3fa674 Waiting 
 6afcd9ec0fd9 Waiting 
 61a7421693bd Downloading [================================================>  ]     935B/969B
 61a7421693bd Download complete 
 51a939567803 Downloading [>                                                  ]  11.88kB/1.116MB
 9824c27679d3 Downloading [>                                                  ]  38.27kB/3.8MB
 51a939567803 Verifying Checksum 
 51a939567803 Download complete 
 a612d38c9b48 Downloading [==================================================>]     175B/175B
 a612d38c9b48 Verifying Checksum 
 a612d38c9b48 Download complete 
 9824c27679d3 Downloading [==================================================>]    3.8MB/3.8MB
 9824c27679d3 Verifying Checksum 
 9824c27679d3 Download complete 
 9824c27679d3 Extracting [>                                                  ]  65.54kB/3.8MB
 901a9540064a Downloading [==================================================>]     116B/116B
 901a9540064a Verifying Checksum 
 901a9540064a Download complete 
 9824c27679d3 Extracting [============================================>      ]  3.408MB/3.8MB
 0f940631c13f Downloading [====>                                              ]     934B/9.448kB
 0f940631c13f Downloading [==================================================>]  9.448kB/9.448kB
 0f940631c13f Verifying Checksum 
 0f940631c13f Download complete 
 9824c27679d3 Extracting [==================================================>]    3.8MB/3.8MB
 9824c27679d3 Pull complete 
 6c13c55b4b82 Downloading [>                                                  ]  530.9kB/103.9MB
 61a7421693bd Extracting [==================================================>]     969B/969B
 61a7421693bd Extracting [==================================================>]     969B/969B
 a15854d6fd91 Downloading [==================================================>]     129B/129B
 a15854d6fd91 Verifying Checksum 
 a15854d6fd91 Download complete 
 685be96195b7 Downloading [==================================================>]     171B/171B
 685be96195b7 Verifying Checksum 
 685be96195b7 Download complete 
 6c13c55b4b82 Downloading [=>                                                 ]  2.677MB/103.9MB
 61a7421693bd Pull complete 
 51a939567803 Extracting [=>                                                 ]  32.77kB/1.116MB
 ce414b3fa674 Downloading [=======>                                           ]     934B/5.927kB
 ce414b3fa674 Downloading [==================================================>]  5.927kB/5.927kB
 ce414b3fa674 Verifying Checksum 
 ce414b3fa674 Download complete 
 6c13c55b4b82 Downloading [=>                                                 ]  3.746MB/103.9MB
 6afcd9ec0fd9 Downloading [==================================================>]     185B/185B
 6afcd9ec0fd9 Verifying Checksum 
 6afcd9ec0fd9 Download complete 
 51a939567803 Extracting [==================================================>]  1.116MB/1.116MB
 51a939567803 Pull complete 
 a612d38c9b48 Extracting [==================================================>]     175B/175B
 a612d38c9b48 Extracting [==================================================>]     175B/175B
 6c13c55b4b82 Downloading [==>                                                ]   5.88MB/103.9MB
 a612d38c9b48 Pull complete 
 901a9540064a Extracting [==================================================>]     116B/116B
 901a9540064a Extracting [==================================================>]     116B/116B
 901a9540064a Pull complete 
 6c13c55b4b82 Downloading [===>                                               ]  7.482MB/103.9MB
 6c13c55b4b82 Downloading [=====>                                             ]  12.27MB/103.9MB
 6c13c55b4b82 Downloading [======>                                            ]  13.87MB/103.9MB
 6c13c55b4b82 Downloading [=======>                                           ]  16.01MB/103.9MB
 6c13c55b4b82 Downloading [========>                                          ]  18.69MB/103.9MB
 6c13c55b4b82 Downloading [==========>                                        ]  21.91MB/103.9MB
 6c13c55b4b82 Downloading [============>                                      ]  26.74MB/103.9MB
 6c13c55b4b82 Downloading [===============>                                   ]  31.56MB/103.9MB
 6c13c55b4b82 Downloading [===================>                               ]  39.58MB/103.9MB
 6c13c55b4b82 Downloading [=======================>                           ]  49.21MB/103.9MB
 6c13c55b4b82 Downloading [=============================>                     ]  60.96MB/103.9MB
 6c13c55b4b82 Downloading [===============================>                   ]  66.32MB/103.9MB
 6c13c55b4b82 Downloading [====================================>              ]  75.41MB/103.9MB
 6c13c55b4b82 Downloading [======================================>            ]  80.76MB/103.9MB
 6c13c55b4b82 Downloading [==========================================>        ]  88.22MB/103.9MB
 6c13c55b4b82 Downloading [==============================================>    ]   95.7MB/103.9MB
 6c13c55b4b82 Verifying Checksum 
 6c13c55b4b82 Download complete 
 6c13c55b4b82 Extracting [>                                                  ]  557.1kB/103.9MB
 6c13c55b4b82 Extracting [=>                                                 ]  2.228MB/103.9MB
 6c13c55b4b82 Extracting [===>                                               ]  7.799MB/103.9MB
 6c13c55b4b82 Extracting [=======>                                           ]  15.04MB/103.9MB
 6c13c55b4b82 Extracting [==========>                                        ]  22.84MB/103.9MB
 6c13c55b4b82 Extracting [==============>                                    ]  30.64MB/103.9MB
 6c13c55b4b82 Extracting [=================>                                 ]  37.32MB/103.9MB
 6c13c55b4b82 Extracting [=====================>                             ]  44.56MB/103.9MB
 6c13c55b4b82 Extracting [=======================>                           ]  49.02MB/103.9MB
 6c13c55b4b82 Extracting [=========================>                         ]  52.92MB/103.9MB
 6c13c55b4b82 Extracting [===========================>                       ]  57.93MB/103.9MB
 6c13c55b4b82 Extracting [==============================>                    ]  64.06MB/103.9MB
 6c13c55b4b82 Extracting [=================================>                 ]  70.19MB/103.9MB
 6c13c55b4b82 Extracting [===================================>               ]  73.53MB/103.9MB
 6c13c55b4b82 Extracting [===================================>               ]  74.65MB/103.9MB
 6c13c55b4b82 Extracting [====================================>              ]   75.2MB/103.9MB
 6c13c55b4b82 Extracting [====================================>              ]  76.87MB/103.9MB
 6c13c55b4b82 Extracting [=====================================>             ]  78.54MB/103.9MB
 6c13c55b4b82 Extracting [=======================================>           ]  81.33MB/103.9MB
 6c13c55b4b82 Extracting [========================================>          ]  84.12MB/103.9MB
 6c13c55b4b82 Extracting [==========================================>        ]  88.57MB/103.9MB
 6c13c55b4b82 Extracting [===========================================>       ]   90.8MB/103.9MB
 6c13c55b4b82 Extracting [==============================================>    ]  96.93MB/103.9MB
 6c13c55b4b82 Extracting [=================================================> ]  103.6MB/103.9MB
 6c13c55b4b82 Extracting [==================================================>]  103.9MB/103.9MB
 6c13c55b4b82 Pull complete 
 0f940631c13f Extracting [==================================================>]  9.448kB/9.448kB
 0f940631c13f Extracting [==================================================>]  9.448kB/9.448kB
 0f940631c13f Pull complete 
 a15854d6fd91 Extracting [==================================================>]     129B/129B
 a15854d6fd91 Extracting [==================================================>]     129B/129B
 a15854d6fd91 Pull complete 
 685be96195b7 Extracting [==================================================>]     171B/171B
 685be96195b7 Extracting [==================================================>]     171B/171B
 685be96195b7 Pull complete 
 ce414b3fa674 Extracting [==================================================>]  5.927kB/5.927kB
 ce414b3fa674 Extracting [==================================================>]  5.927kB/5.927kB
 ce414b3fa674 Pull complete 
 6afcd9ec0fd9 Extracting [==================================================>]     185B/185B
 6afcd9ec0fd9 Extracting [==================================================>]     185B/185B
 6afcd9ec0fd9 Pull complete 
 postgres Pulled 
 Network healthcare_healthcare-network  Creating
 Network healthcare_healthcare-network  Created
 Volume "healthcare_postgres_data"  Creating
 Volume "healthcare_postgres_data"  Created
 Container healthcare-db  Creating
 Container healthcare-db  Created
 Container healthcare-db  Starting
 Container healthcare-db  Started
